<?xml version="1.0" encoding="UTF-8"?>
<!-- Generated by org.testng.reporters.JUnitReportReporter -->
<testsuite skipped="0" hostname="DESKTOP-QGORIKD" name="Test.Day3" tests="5" failures="0" timestamp="11 Sep 2019 23:10:34 GMT" time="0.027" errors="0">
  <testcase name="LoginAPICarLoan" time="0.004" classname="Test.Day3"/>
  <testcase name="MobileSignInCarLoan" time="0.010" classname="Test.Day3"/>
  <testcase name="MobileSignOutCarLoan" time="0.003" classname="Test.Day3"/>
  <testcase name="WebLoginCarLoan" time="0.004" classname="Test.Day3"/>
  <testcase name="MobileLoginCarLoan" time="0.006" classname="Test.Day3"/>
</testsuite> <!-- Test.Day3 -->
