<?xml version="1.0" encoding="UTF-8"?>
<!-- Generated by org.testng.reporters.JUnitReportReporter -->
<testsuite skipped="0" hostname="DESKTOP-QGORIKD" name="Test.Day1" tests="2" failures="0" timestamp="12 Sep 2019 20:40:34 GMT" time="0.018" errors="0">
  <testcase name="Demo_2" time="0.003" classname="Test.Day1"/>
  <testcase name="Demo" time="0.015" classname="Test.Day1"/>
</testsuite> <!-- Test.Day1 -->
