<?xml version="1.0" encoding="UTF-8"?>
<!-- Generated by org.testng.reporters.JUnitReportReporter -->
<testsuite skipped="0" hostname="DESKTOP-QGORIKD" name="Test.Day1" tests="2" failures="0" timestamp="11 Sep 2019 23:10:34 GMT" time="0.024" errors="0">
  <testcase name="Demo_2" time="0.005" classname="Test.Day1"/>
  <testcase name="Demo" time="0.019" classname="Test.Day1"/>
</testsuite> <!-- Test.Day1 -->
