<?xml version="1.0" encoding="UTF-8"?>
<!-- Generated by org.testng.reporters.JUnitReportReporter -->
<testsuite skipped="0" hostname="DESKTOP-QGORIKD" name="Test.Day4" tests="1" failures="0" timestamp="12 Sep 2019 20:40:34 GMT" time="0.004" errors="0">
  <testcase name="MobileLoginHomeLoan" time="0.004" classname="Test.Day4"/>
</testsuite> <!-- Test.Day4 -->
