<?xml version="1.0" encoding="UTF-8"?>
<!-- Generated by org.testng.reporters.JUnitReportReporter -->
<testsuite skipped="0" hostname="DESKTOP-QGORIKD" name="Test.Day2" tests="1" failures="0" timestamp="17 Sep 2019 16:45:22 GMT" time="0.005" errors="0">
  <testcase name="Test_3" time="0.005" classname="Test.Day2"/>
</testsuite> <!-- Test.Day2 -->
