<?xml version="1.0" encoding="UTF-8"?>
<!-- Generated by org.testng.reporters.JUnitReportReporter -->
<testsuite skipped="0" hostname="DESKTOP-QGORIKD" name="Test.Day31" tests="3" failures="0" timestamp="16 Sep 2019 22:44:09 GMT" time="0.036" errors="0">
  <testcase name="MobileSignOutCarLoan" time="0.024" classname="Test.Day31"/>
  <testcase name="MobileSignOutCarLoan" time="0.005" classname="Test.Day31"/>
  <testcase name="MobileSignOutCarLoan" time="0.007" classname="Test.Day31"/>
</testsuite> <!-- Test.Day31 -->
