<?xml version="1.0" encoding="UTF-8"?>
<!-- Generated by org.testng.reporters.JUnitReportReporter -->
<testsuite skipped="0" hostname="DESKTOP-QGORIKD" name="Test.Day4" tests="3" failures="0" timestamp="11 Sep 2019 23:10:34 GMT" time="0.009" errors="0">
  <testcase name="MobileLoginHomeLoan" time="0.003" classname="Test.Day4"/>
  <testcase name="WebLoginHomeLoan" time="0.003" classname="Test.Day4"/>
  <testcase name="LoginAPIHomeLoan" time="0.003" classname="Test.Day4"/>
</testsuite> <!-- Test.Day4 -->
