<?xml version="1.0" encoding="UTF-8"?>
<!-- Generated by org.testng.reporters.JUnitReportReporter -->
<testsuite skipped="0" hostname="DESKTOP-QGORIKD" name="Test.Day3" tests="5" failures="0" timestamp="12 Sep 2019 22:42:26 GMT" time="0.029" errors="0">
  <testcase name="MobileSignInCarLoan" time="0.004" classname="Test.Day3"/>
  <testcase name="MobileSignOutCarLoan" time="0.002" classname="Test.Day3"/>
  <testcase name="LoginAPICarLoan" time="0.003" classname="Test.Day3"/>
  <testcase name="WebLoginCarLoan" time="0.003" classname="Test.Day3"/>
  <testcase name="MobileLoginCarLoan" time="0.017" classname="Test.Day3"/>
</testsuite> <!-- Test.Day3 -->
