<?xml version="1.0" encoding="UTF-8"?>
<!-- Generated by org.testng.reporters.JUnitReportReporter -->
<testsuite skipped="0" hostname="DESKTOP-QGORIKD" name="Test.Day3" tests="3" failures="0" timestamp="17 Sep 2019 16:45:22 GMT" time="0.008" errors="0">
  <testcase name="WebLoginCarLoan" time="0.002" classname="Test.Day3"/>
  <testcase name="MobileLoginCarLoan" time="0.004" classname="Test.Day3"/>
  <testcase name="MobileSignInCarLoan" time="0.002" classname="Test.Day3"/>
</testsuite> <!-- Test.Day3 -->
